-------------------------------------------------------------------------------
Test set: InfantryUnitTest
-------------------------------------------------------------------------------
Tests run: 5, Failures: 1, Errors: 0, Skipped: 0, Time elapsed: 0.008 s <<< FAILURE! - in InfantryUnitTest
InfantryUnitTest.checkInfantryName  Time elapsed: 0 s  <<< FAILURE!
org.opentest4j.AssertionFailedError: expected: <Swordsmen> but was: <Swordsman>
	at InfantryUnitTest.checkInfantryName(InfantryUnitTest.java:45)

