<?xml version="1.0" encoding="UTF-8"?>
<testsuite xmlns:xsi="http://www.w3.org/2001/XMLSchema-instance" xsi:noNamespaceSchemaLocation="https://maven.apache.org/surefire/maven-surefire-plugin/xsd/surefire-test-report-3.0.xsd" version="3.0" name="RangedUnitTest" time="0.016" tests="8" errors="0" skipped="0" failures="1">
  <properties>
[...]
</properties>
  <testcase name="checkRangedName" classname="RangedUnitTest" time="0">
    <failure type="org.opentest4j.AssertionFailedError"><![CDATA[org.opentest4j.AssertionFailedError: expected: <Sharpshooters> but was: <Sharpshooter>
	at RangedUnitTest.checkRangedName(RangedUnitTest.java:45)
]]></failure>
  </testcase>
  <testcase name="checkThirdResistBonus" classname="RangedUnitTest" time="0"/>
  <testcase name="checkRangedConstructor" classname="RangedUnitTest" time="0"/>
  <testcase name="checkRangedAutomaticAttackValues" classname="RangedUnitTest" time="0"/>
  <testcase name="checkRangedAutomaticArmourValues" classname="RangedUnitTest" time="0"/>
  <testcase name="checkFighting" classname="RangedUnitTest" time="0"/>
  <testcase name="checkSecondResistBonus" classname="RangedUnitTest" time="0"/>
  <testcase name="checkFirstResistBonus" classname="RangedUnitTest" time="0"/>
</testsuite>